<?xml version="1.0" encoding="UTF-8"?>
<testng-results skipped="0" failed="0" ignored="0" total="1" passed="1">
  <reporter-output>
  </reporter-output>
  <suite name="tests.Tests" duration-ms="32652" started-at="2022-09-18T22:57:08Z" finished-at="2022-09-18T22:57:41Z">
    <groups>
    </groups>
    <test name="Command line test" duration-ms="32652" started-at="2022-09-18T22:57:08Z" finished-at="2022-09-18T22:57:41Z">
      <class name="tests.Tests">
        <test-method status="PASS" signature="setUp()[pri:0, instance:tests.Tests@5ebec15]" name="setUp" is-config="true" duration-ms="19507" started-at="2022-09-18T22:57:08Z" finished-at="2022-09-18T22:57:28Z">
          <reporter-output>
          </reporter-output>
        </test-method> <!-- setUp -->
        <test-method status="PASS" signature="pruebaUno()[pri:0, instance:tests.Tests@5ebec15]" name="pruebaUno" duration-ms="10678" started-at="2022-09-18T22:57:28Z" finished-at="2022-09-18T22:57:38Z">
          <reporter-output>
          </reporter-output>
        </test-method> <!-- pruebaUno -->
        <test-method status="PASS" signature="tearDown()[pri:0, instance:tests.Tests@5ebec15]" name="tearDown" is-config="true" duration-ms="2436" started-at="2022-09-18T22:57:38Z" finished-at="2022-09-18T22:57:41Z">
          <reporter-output>
          </reporter-output>
        </test-method> <!-- tearDown -->
      </class> <!-- tests.Tests -->
    </test> <!-- Command line test -->
  </suite> <!-- tests.Tests -->
</testng-results>
